<?xml version="1.0" encoding="UTF-8"?>
<testsuite xmlns:xsi="http://www.w3.org/2001/XMLSchema-instance" xsi:noNamespaceSchemaLocation="https://maven.apache.org/surefire/maven-surefire-plugin/xsd/surefire-test-report.xsd" name="com.project.repository.DetailRepositoryTest" time="4.106" tests="6" errors="0" skipped="0" failures="0">
  <properties>
    <property name="java.specification.version" value="19"/>
    <property name="sun.jnu.encoding" value="UTF-8"/>
    <property name="java.class.path" value="/Users/lianghuang/Desktop/CS 5500/Offerplus/CS5500_OfferPlus/project/target/test-classes:/Users/lianghuang/Desktop/CS 5500/Offerplus/CS5500_OfferPlus/project/target/classes:/Users/lianghuang/.m2/repository/org/springframework/boot/spring-boot-starter-data-mongodb/3.0.4/spring-boot-starter-data-mongodb-3.0.4.jar:/Users/lianghuang/.m2/repository/org/springframework/boot/spring-boot-starter/2.7.9-SNAPSHOT/spring-boot-starter-2.7.9-SNAPSHOT.jar:/Users/lianghuang/.m2/repository/org/springframework/boot/spring-boot/2.7.9-SNAPSHOT/spring-boot-2.7.9-SNAPSHOT.jar:/Users/lianghuang/.m2/repository/org/springframework/boot/spring-boot-autoconfigure/2.7.9-SNAPSHOT/spring-boot-autoconfigure-2.7.9-SNAPSHOT.jar:/Users/lianghuang/.m2/repository/org/springframework/boot/spring-boot-starter-logging/2.7.9-SNAPSHOT/spring-boot-starter-logging-2.7.9-SNAPSHOT.jar:/Users/lianghuang/.m2/repository/ch/qos/logback/logback-classic/1.2.11/logback-classic-1.2.11.jar:/Users/lianghuang/.m2/repository/ch/qos/logback/logback-core/1.2.11/logback-core-1.2.11.jar:/Users/lianghuang/.m2/repository/org/apache/logging/log4j/log4j-to-slf4j/2.17.2/log4j-to-slf4j-2.17.2.jar:/Users/lianghuang/.m2/repository/org/apache/logging/log4j/log4j-api/2.17.2/log4j-api-2.17.2.jar:/Users/lianghuang/.m2/repository/org/slf4j/jul-to-slf4j/1.7.36/jul-to-slf4j-1.7.36.jar:/Users/lianghuang/.m2/repository/jakarta/annotation/jakarta.annotation-api/1.3.5/jakarta.annotation-api-1.3.5.jar:/Users/lianghuang/.m2/repository/org/yaml/snakeyaml/1.30/snakeyaml-1.30.jar:/Users/lianghuang/.m2/repository/org/mongodb/mongodb-driver-sync/4.6.1/mongodb-driver-sync-4.6.1.jar:/Users/lianghuang/.m2/repository/org/mongodb/bson/4.6.1/bson-4.6.1.jar:/Users/lianghuang/.m2/repository/org/mongodb/mongodb-driver-core/4.6.1/mongodb-driver-core-4.6.1.jar:/Users/lianghuang/.m2/repository/org/mongodb/bson-record-codec/4.6.1/bson-record-codec-4.6.1.jar:/Users/lianghuang/.m2/repository/org/springframework/data/spring-data-mongodb/3.4.8/spring-data-mongodb-3.4.8.jar:/Users/lianghuang/.m2/repository/org/springframework/spring-tx/5.3.25/spring-tx-5.3.25.jar:/Users/lianghuang/.m2/repository/org/springframework/spring-context/5.3.25/spring-context-5.3.25.jar:/Users/lianghuang/.m2/repository/org/springframework/spring-beans/5.3.25/spring-beans-5.3.25.jar:/Users/lianghuang/.m2/repository/org/springframework/spring-expression/5.3.25/spring-expression-5.3.25.jar:/Users/lianghuang/.m2/repository/org/springframework/data/spring-data-commons/2.7.8/spring-data-commons-2.7.8.jar:/Users/lianghuang/.m2/repository/org/slf4j/slf4j-api/1.7.36/slf4j-api-1.7.36.jar:/Users/lianghuang/.m2/repository/org/springframework/boot/spring-boot-starter-web/2.7.9-SNAPSHOT/spring-boot-starter-web-2.7.9-SNAPSHOT.jar:/Users/lianghuang/.m2/repository/org/springframework/boot/spring-boot-starter-json/2.7.9-SNAPSHOT/spring-boot-starter-json-2.7.9-SNAPSHOT.jar:/Users/lianghuang/.m2/repository/com/fasterxml/jackson/core/jackson-databind/2.13.5/jackson-databind-2.13.5.jar:/Users/lianghuang/.m2/repository/com/fasterxml/jackson/core/jackson-annotations/2.13.5/jackson-annotations-2.13.5.jar:/Users/lianghuang/.m2/repository/com/fasterxml/jackson/core/jackson-core/2.13.5/jackson-core-2.13.5.jar:/Users/lianghuang/.m2/repository/com/fasterxml/jackson/datatype/jackson-datatype-jdk8/2.13.5/jackson-datatype-jdk8-2.13.5.jar:/Users/lianghuang/.m2/repository/com/fasterxml/jackson/datatype/jackson-datatype-jsr310/2.13.5/jackson-datatype-jsr310-2.13.5.jar:/Users/lianghuang/.m2/repository/com/fasterxml/jackson/module/jackson-module-parameter-names/2.13.5/jackson-module-parameter-names-2.13.5.jar:/Users/lianghuang/.m2/repository/org/springframework/boot/spring-boot-starter-tomcat/2.7.9-SNAPSHOT/spring-boot-starter-tomcat-2.7.9-SNAPSHOT.jar:/Users/lianghuang/.m2/repository/org/apache/tomcat/embed/tomcat-embed-core/9.0.71/tomcat-embed-core-9.0.71.jar:/Users/lianghuang/.m2/repository/org/apache/tomcat/embed/tomcat-embed-el/9.0.71/tomcat-embed-el-9.0.71.jar:/Users/lianghuang/.m2/repository/org/apache/tomcat/embed/tomcat-embed-websocket/9.0.71/tomcat-embed-websocket-9.0.71.jar:/Users/lianghuang/.m2/repository/org/springframework/spring-web/5.3.25/spring-web-5.3.25.jar:/Users/lianghuang/.m2/repository/org/springframework/spring-webmvc/5.3.25/spring-webmvc-5.3.25.jar:/Users/lianghuang/.m2/repository/org/springframework/spring-aop/5.3.25/spring-aop-5.3.25.jar:/Users/lianghuang/.m2/repository/org/projectlombok/lombok/1.18.26/lombok-1.18.26.jar:/Users/lianghuang/.m2/repository/org/springframework/boot/spring-boot-starter-test/2.7.9-SNAPSHOT/spring-boot-starter-test-2.7.9-SNAPSHOT.jar:/Users/lianghuang/.m2/repository/org/springframework/boot/spring-boot-test/2.7.9-SNAPSHOT/spring-boot-test-2.7.9-SNAPSHOT.jar:/Users/lianghuang/.m2/repository/org/springframework/boot/spring-boot-test-autoconfigure/2.7.9-SNAPSHOT/spring-boot-test-autoconfigure-2.7.9-SNAPSHOT.jar:/Users/lianghuang/.m2/repository/com/jayway/jsonpath/json-path/2.7.0/json-path-2.7.0.jar:/Users/lianghuang/.m2/repository/net/minidev/json-smart/2.4.8/json-smart-2.4.8.jar:/Users/lianghuang/.m2/repository/net/minidev/accessors-smart/2.4.8/accessors-smart-2.4.8.jar:/Users/lianghuang/.m2/repository/org/ow2/asm/asm/9.1/asm-9.1.jar:/Users/lianghuang/.m2/repository/jakarta/xml/bind/jakarta.xml.bind-api/2.3.3/jakarta.xml.bind-api-2.3.3.jar:/Users/lianghuang/.m2/repository/jakarta/activation/jakarta.activation-api/1.2.2/jakarta.activation-api-1.2.2.jar:/Users/lianghuang/.m2/repository/org/assertj/assertj-core/3.22.0/assertj-core-3.22.0.jar:/Users/lianghuang/.m2/repository/org/hamcrest/hamcrest/2.2/hamcrest-2.2.jar:/Users/lianghuang/.m2/repository/org/junit/jupiter/junit-jupiter/5.8.2/junit-jupiter-5.8.2.jar:/Users/lianghuang/.m2/repository/org/junit/jupiter/junit-jupiter-api/5.8.2/junit-jupiter-api-5.8.2.jar:/Users/lianghuang/.m2/repository/org/opentest4j/opentest4j/1.2.0/opentest4j-1.2.0.jar:/Users/lianghuang/.m2/repository/org/junit/platform/junit-platform-commons/1.8.2/junit-platform-commons-1.8.2.jar:/Users/lianghuang/.m2/repository/org/apiguardian/apiguardian-api/1.1.2/apiguardian-api-1.1.2.jar:/Users/lianghuang/.m2/repository/org/junit/jupiter/junit-jupiter-params/5.8.2/junit-jupiter-params-5.8.2.jar:/Users/lianghuang/.m2/repository/org/junit/jupiter/junit-jupiter-engine/5.8.2/junit-jupiter-engine-5.8.2.jar:/Users/lianghuang/.m2/repository/org/junit/platform/junit-platform-engine/1.8.2/junit-platform-engine-1.8.2.jar:/Users/lianghuang/.m2/repository/org/mockito/mockito-core/4.5.1/mockito-core-4.5.1.jar:/Users/lianghuang/.m2/repository/net/bytebuddy/byte-buddy/1.12.23/byte-buddy-1.12.23.jar:/Users/lianghuang/.m2/repository/net/bytebuddy/byte-buddy-agent/1.12.23/byte-buddy-agent-1.12.23.jar:/Users/lianghuang/.m2/repository/org/objenesis/objenesis/3.2/objenesis-3.2.jar:/Users/lianghuang/.m2/repository/org/mockito/mockito-junit-jupiter/4.5.1/mockito-junit-jupiter-4.5.1.jar:/Users/lianghuang/.m2/repository/org/skyscreamer/jsonassert/1.5.1/jsonassert-1.5.1.jar:/Users/lianghuang/.m2/repository/com/vaadin/external/google/android-json/0.0.20131108.vaadin1/android-json-0.0.20131108.vaadin1.jar:/Users/lianghuang/.m2/repository/org/springframework/spring-core/5.3.25/spring-core-5.3.25.jar:/Users/lianghuang/.m2/repository/org/springframework/spring-jcl/5.3.25/spring-jcl-5.3.25.jar:/Users/lianghuang/.m2/repository/org/springframework/spring-test/5.3.25/spring-test-5.3.25.jar:/Users/lianghuang/.m2/repository/org/xmlunit/xmlunit-core/2.9.1/xmlunit-core-2.9.1.jar:/Users/lianghuang/.m2/repository/de/flapdoodle/embed/de.flapdoodle.embed.mongo/3.4.11/de.flapdoodle.embed.mongo-3.4.11.jar:/Users/lianghuang/.m2/repository/de/flapdoodle/embed/de.flapdoodle.embed.process/3.1.15/de.flapdoodle.embed.process-3.1.15.jar:/Users/lianghuang/.m2/repository/de/flapdoodle/de.flapdoodle.os/1.1.12/de.flapdoodle.os-1.1.12.jar:/Users/lianghuang/.m2/repository/org/apache/commons/commons-lang3/3.12.0/commons-lang3-3.12.0.jar:/Users/lianghuang/.m2/repository/org/apache/commons/commons-compress/1.21/commons-compress-1.21.jar:/Users/lianghuang/.m2/repository/net/java/dev/jna/jna/5.12.1/jna-5.12.1.jar:/Users/lianghuang/.m2/repository/net/java/dev/jna/jna-platform/5.12.1/jna-platform-5.12.1.jar:/Users/lianghuang/.m2/repository/de/flapdoodle/embed/de.flapdoodle.embed.mongo.packageresolver/1.0.10/de.flapdoodle.embed.mongo.packageresolver-1.0.10.jar:/Users/lianghuang/.m2/repository/junit/junit/4.13.2/junit-4.13.2.jar:/Users/lianghuang/.m2/repository/org/hamcrest/hamcrest-core/2.2/hamcrest-core-2.2.jar:"/>
    <property name="java.vm.vendor" value="Homebrew"/>
    <property name="sun.arch.data.model" value="64"/>
    <property name="java.vendor.url" value="https://github.com/Homebrew/homebrew-core/issues"/>
    <property name="os.name" value="Mac OS X"/>
    <property name="java.vm.specification.version" value="19"/>
    <property name="sun.java.launcher" value="SUN_STANDARD"/>
    <property name="user.country" value="US"/>
    <property name="sun.boot.library.path" value="/opt/homebrew/Cellar/openjdk/19.0.2/libexec/openjdk.jdk/Contents/Home/lib"/>
    <property name="sun.java.command" value="/Users/lianghuang/Desktop/CS 5500/Offerplus/CS5500_OfferPlus/project/target/surefire/surefirebooter18298648145152420823.jar /Users/lianghuang/Desktop/CS 5500/Offerplus/CS5500_OfferPlus/project/target/surefire 2023-04-18T22-32-20_243-jvmRun1 surefire5084153218585928012tmp surefire_014152410756693954683tmp"/>
    <property name="http.nonProxyHosts" value="local|*.local|169.254/16|*.169.254/16"/>
    <property name="jdk.debug" value="release"/>
    <property name="surefire.test.class.path" value="/Users/lianghuang/Desktop/CS 5500/Offerplus/CS5500_OfferPlus/project/target/test-classes:/Users/lianghuang/Desktop/CS 5500/Offerplus/CS5500_OfferPlus/project/target/classes:/Users/lianghuang/.m2/repository/org/springframework/boot/spring-boot-starter-data-mongodb/3.0.4/spring-boot-starter-data-mongodb-3.0.4.jar:/Users/lianghuang/.m2/repository/org/springframework/boot/spring-boot-starter/2.7.9-SNAPSHOT/spring-boot-starter-2.7.9-SNAPSHOT.jar:/Users/lianghuang/.m2/repository/org/springframework/boot/spring-boot/2.7.9-SNAPSHOT/spring-boot-2.7.9-SNAPSHOT.jar:/Users/lianghuang/.m2/repository/org/springframework/boot/spring-boot-autoconfigure/2.7.9-SNAPSHOT/spring-boot-autoconfigure-2.7.9-SNAPSHOT.jar:/Users/lianghuang/.m2/repository/org/springframework/boot/spring-boot-starter-logging/2.7.9-SNAPSHOT/spring-boot-starter-logging-2.7.9-SNAPSHOT.jar:/Users/lianghuang/.m2/repository/ch/qos/logback/logback-classic/1.2.11/logback-classic-1.2.11.jar:/Users/lianghuang/.m2/repository/ch/qos/logback/logback-core/1.2.11/logback-core-1.2.11.jar:/Users/lianghuang/.m2/repository/org/apache/logging/log4j/log4j-to-slf4j/2.17.2/log4j-to-slf4j-2.17.2.jar:/Users/lianghuang/.m2/repository/org/apache/logging/log4j/log4j-api/2.17.2/log4j-api-2.17.2.jar:/Users/lianghuang/.m2/repository/org/slf4j/jul-to-slf4j/1.7.36/jul-to-slf4j-1.7.36.jar:/Users/lianghuang/.m2/repository/jakarta/annotation/jakarta.annotation-api/1.3.5/jakarta.annotation-api-1.3.5.jar:/Users/lianghuang/.m2/repository/org/yaml/snakeyaml/1.30/snakeyaml-1.30.jar:/Users/lianghuang/.m2/repository/org/mongodb/mongodb-driver-sync/4.6.1/mongodb-driver-sync-4.6.1.jar:/Users/lianghuang/.m2/repository/org/mongodb/bson/4.6.1/bson-4.6.1.jar:/Users/lianghuang/.m2/repository/org/mongodb/mongodb-driver-core/4.6.1/mongodb-driver-core-4.6.1.jar:/Users/lianghuang/.m2/repository/org/mongodb/bson-record-codec/4.6.1/bson-record-codec-4.6.1.jar:/Users/lianghuang/.m2/repository/org/springframework/data/spring-data-mongodb/3.4.8/spring-data-mongodb-3.4.8.jar:/Users/lianghuang/.m2/repository/org/springframework/spring-tx/5.3.25/spring-tx-5.3.25.jar:/Users/lianghuang/.m2/repository/org/springframework/spring-context/5.3.25/spring-context-5.3.25.jar:/Users/lianghuang/.m2/repository/org/springframework/spring-beans/5.3.25/spring-beans-5.3.25.jar:/Users/lianghuang/.m2/repository/org/springframework/spring-expression/5.3.25/spring-expression-5.3.25.jar:/Users/lianghuang/.m2/repository/org/springframework/data/spring-data-commons/2.7.8/spring-data-commons-2.7.8.jar:/Users/lianghuang/.m2/repository/org/slf4j/slf4j-api/1.7.36/slf4j-api-1.7.36.jar:/Users/lianghuang/.m2/repository/org/springframework/boot/spring-boot-starter-web/2.7.9-SNAPSHOT/spring-boot-starter-web-2.7.9-SNAPSHOT.jar:/Users/lianghuang/.m2/repository/org/springframework/boot/spring-boot-starter-json/2.7.9-SNAPSHOT/spring-boot-starter-json-2.7.9-SNAPSHOT.jar:/Users/lianghuang/.m2/repository/com/fasterxml/jackson/core/jackson-databind/2.13.5/jackson-databind-2.13.5.jar:/Users/lianghuang/.m2/repository/com/fasterxml/jackson/core/jackson-annotations/2.13.5/jackson-annotations-2.13.5.jar:/Users/lianghuang/.m2/repository/com/fasterxml/jackson/core/jackson-core/2.13.5/jackson-core-2.13.5.jar:/Users/lianghuang/.m2/repository/com/fasterxml/jackson/datatype/jackson-datatype-jdk8/2.13.5/jackson-datatype-jdk8-2.13.5.jar:/Users/lianghuang/.m2/repository/com/fasterxml/jackson/datatype/jackson-datatype-jsr310/2.13.5/jackson-datatype-jsr310-2.13.5.jar:/Users/lianghuang/.m2/repository/com/fasterxml/jackson/module/jackson-module-parameter-names/2.13.5/jackson-module-parameter-names-2.13.5.jar:/Users/lianghuang/.m2/repository/org/springframework/boot/spring-boot-starter-tomcat/2.7.9-SNAPSHOT/spring-boot-starter-tomcat-2.7.9-SNAPSHOT.jar:/Users/lianghuang/.m2/repository/org/apache/tomcat/embed/tomcat-embed-core/9.0.71/tomcat-embed-core-9.0.71.jar:/Users/lianghuang/.m2/repository/org/apache/tomcat/embed/tomcat-embed-el/9.0.71/tomcat-embed-el-9.0.71.jar:/Users/lianghuang/.m2/repository/org/apache/tomcat/embed/tomcat-embed-websocket/9.0.71/tomcat-embed-websocket-9.0.71.jar:/Users/lianghuang/.m2/repository/org/springframework/spring-web/5.3.25/spring-web-5.3.25.jar:/Users/lianghuang/.m2/repository/org/springframework/spring-webmvc/5.3.25/spring-webmvc-5.3.25.jar:/Users/lianghuang/.m2/repository/org/springframework/spring-aop/5.3.25/spring-aop-5.3.25.jar:/Users/lianghuang/.m2/repository/org/projectlombok/lombok/1.18.26/lombok-1.18.26.jar:/Users/lianghuang/.m2/repository/org/springframework/boot/spring-boot-starter-test/2.7.9-SNAPSHOT/spring-boot-starter-test-2.7.9-SNAPSHOT.jar:/Users/lianghuang/.m2/repository/org/springframework/boot/spring-boot-test/2.7.9-SNAPSHOT/spring-boot-test-2.7.9-SNAPSHOT.jar:/Users/lianghuang/.m2/repository/org/springframework/boot/spring-boot-test-autoconfigure/2.7.9-SNAPSHOT/spring-boot-test-autoconfigure-2.7.9-SNAPSHOT.jar:/Users/lianghuang/.m2/repository/com/jayway/jsonpath/json-path/2.7.0/json-path-2.7.0.jar:/Users/lianghuang/.m2/repository/net/minidev/json-smart/2.4.8/json-smart-2.4.8.jar:/Users/lianghuang/.m2/repository/net/minidev/accessors-smart/2.4.8/accessors-smart-2.4.8.jar:/Users/lianghuang/.m2/repository/org/ow2/asm/asm/9.1/asm-9.1.jar:/Users/lianghuang/.m2/repository/jakarta/xml/bind/jakarta.xml.bind-api/2.3.3/jakarta.xml.bind-api-2.3.3.jar:/Users/lianghuang/.m2/repository/jakarta/activation/jakarta.activation-api/1.2.2/jakarta.activation-api-1.2.2.jar:/Users/lianghuang/.m2/repository/org/assertj/assertj-core/3.22.0/assertj-core-3.22.0.jar:/Users/lianghuang/.m2/repository/org/hamcrest/hamcrest/2.2/hamcrest-2.2.jar:/Users/lianghuang/.m2/repository/org/junit/jupiter/junit-jupiter/5.8.2/junit-jupiter-5.8.2.jar:/Users/lianghuang/.m2/repository/org/junit/jupiter/junit-jupiter-api/5.8.2/junit-jupiter-api-5.8.2.jar:/Users/lianghuang/.m2/repository/org/opentest4j/opentest4j/1.2.0/opentest4j-1.2.0.jar:/Users/lianghuang/.m2/repository/org/junit/platform/junit-platform-commons/1.8.2/junit-platform-commons-1.8.2.jar:/Users/lianghuang/.m2/repository/org/apiguardian/apiguardian-api/1.1.2/apiguardian-api-1.1.2.jar:/Users/lianghuang/.m2/repository/org/junit/jupiter/junit-jupiter-params/5.8.2/junit-jupiter-params-5.8.2.jar:/Users/lianghuang/.m2/repository/org/junit/jupiter/junit-jupiter-engine/5.8.2/junit-jupiter-engine-5.8.2.jar:/Users/lianghuang/.m2/repository/org/junit/platform/junit-platform-engine/1.8.2/junit-platform-engine-1.8.2.jar:/Users/lianghuang/.m2/repository/org/mockito/mockito-core/4.5.1/mockito-core-4.5.1.jar:/Users/lianghuang/.m2/repository/net/bytebuddy/byte-buddy/1.12.23/byte-buddy-1.12.23.jar:/Users/lianghuang/.m2/repository/net/bytebuddy/byte-buddy-agent/1.12.23/byte-buddy-agent-1.12.23.jar:/Users/lianghuang/.m2/repository/org/objenesis/objenesis/3.2/objenesis-3.2.jar:/Users/lianghuang/.m2/repository/org/mockito/mockito-junit-jupiter/4.5.1/mockito-junit-jupiter-4.5.1.jar:/Users/lianghuang/.m2/repository/org/skyscreamer/jsonassert/1.5.1/jsonassert-1.5.1.jar:/Users/lianghuang/.m2/repository/com/vaadin/external/google/android-json/0.0.20131108.vaadin1/android-json-0.0.20131108.vaadin1.jar:/Users/lianghuang/.m2/repository/org/springframework/spring-core/5.3.25/spring-core-5.3.25.jar:/Users/lianghuang/.m2/repository/org/springframework/spring-jcl/5.3.25/spring-jcl-5.3.25.jar:/Users/lianghuang/.m2/repository/org/springframework/spring-test/5.3.25/spring-test-5.3.25.jar:/Users/lianghuang/.m2/repository/org/xmlunit/xmlunit-core/2.9.1/xmlunit-core-2.9.1.jar:/Users/lianghuang/.m2/repository/de/flapdoodle/embed/de.flapdoodle.embed.mongo/3.4.11/de.flapdoodle.embed.mongo-3.4.11.jar:/Users/lianghuang/.m2/repository/de/flapdoodle/embed/de.flapdoodle.embed.process/3.1.15/de.flapdoodle.embed.process-3.1.15.jar:/Users/lianghuang/.m2/repository/de/flapdoodle/de.flapdoodle.os/1.1.12/de.flapdoodle.os-1.1.12.jar:/Users/lianghuang/.m2/repository/org/apache/commons/commons-lang3/3.12.0/commons-lang3-3.12.0.jar:/Users/lianghuang/.m2/repository/org/apache/commons/commons-compress/1.21/commons-compress-1.21.jar:/Users/lianghuang/.m2/repository/net/java/dev/jna/jna/5.12.1/jna-5.12.1.jar:/Users/lianghuang/.m2/repository/net/java/dev/jna/jna-platform/5.12.1/jna-platform-5.12.1.jar:/Users/lianghuang/.m2/repository/de/flapdoodle/embed/de.flapdoodle.embed.mongo.packageresolver/1.0.10/de.flapdoodle.embed.mongo.packageresolver-1.0.10.jar:/Users/lianghuang/.m2/repository/junit/junit/4.13.2/junit-4.13.2.jar:/Users/lianghuang/.m2/repository/org/hamcrest/hamcrest-core/2.2/hamcrest-core-2.2.jar:"/>
    <property name="sun.cpu.endian" value="little"/>
    <property name="user.home" value="/Users/lianghuang"/>
    <property name="user.language" value="en"/>
    <property name="java.specification.vendor" value="Oracle Corporation"/>
    <property name="java.version.date" value="2023-01-17"/>
    <property name="java.home" value="/opt/homebrew/Cellar/openjdk/19.0.2/libexec/openjdk.jdk/Contents/Home"/>
    <property name="file.separator" value="/"/>
    <property name="basedir" value="/Users/lianghuang/Desktop/CS 5500/Offerplus/CS5500_OfferPlus/project"/>
    <property name="java.vm.compressedOopsMode" value="Zero based"/>
    <property name="line.separator" value="&#10;"/>
    <property name="java.vm.specification.vendor" value="Oracle Corporation"/>
    <property name="java.specification.name" value="Java Platform API Specification"/>
    <property name="apple.awt.application.name" value="ForkedBooter"/>
    <property name="surefire.real.class.path" value="/Users/lianghuang/Desktop/CS 5500/Offerplus/CS5500_OfferPlus/project/target/surefire/surefirebooter18298648145152420823.jar"/>
    <property name="sun.management.compiler" value="HotSpot 64-Bit Tiered Compilers"/>
    <property name="ftp.nonProxyHosts" value="local|*.local|169.254/16|*.169.254/16"/>
    <property name="java.runtime.version" value="19.0.2"/>
    <property name="user.name" value="lianghuang"/>
    <property name="stdout.encoding" value="UTF-8"/>
    <property name="path.separator" value=":"/>
    <property name="os.version" value="13.2"/>
    <property name="java.runtime.name" value="OpenJDK Runtime Environment"/>
    <property name="file.encoding" value="UTF-8"/>
    <property name="java.vm.name" value="OpenJDK 64-Bit Server VM"/>
    <property name="java.vendor.version" value="Homebrew"/>
    <property name="localRepository" value="/Users/lianghuang/.m2/repository"/>
    <property name="java.vendor.url.bug" value="https://github.com/Homebrew/homebrew-core/issues"/>
    <property name="java.io.tmpdir" value="/var/folders/pv/_tc392pn6mb0wnxlw3mss_jm0000gn/T/"/>
    <property name="java.version" value="19.0.2"/>
    <property name="user.dir" value="/Users/lianghuang/Desktop/CS 5500/Offerplus/CS5500_OfferPlus/project"/>
    <property name="os.arch" value="aarch64"/>
    <property name="java.vm.specification.name" value="Java Virtual Machine Specification"/>
    <property name="native.encoding" value="UTF-8"/>
    <property name="java.library.path" value="/Users/lianghuang/Library/Java/Extensions:/Library/Java/Extensions:/Network/Library/Java/Extensions:/System/Library/Java/Extensions:/usr/lib/java:."/>
    <property name="java.vm.info" value="mixed mode, sharing"/>
    <property name="stderr.encoding" value="UTF-8"/>
    <property name="java.vendor" value="Homebrew"/>
    <property name="java.vm.version" value="19.0.2"/>
    <property name="sun.io.unicode.encoding" value="UnicodeBig"/>
    <property name="socksNonProxyHosts" value="local|*.local|169.254/16|*.169.254/16"/>
    <property name="java.class.version" value="63.0"/>
  </properties>
  <testcase name="deleteDetailByDateAndCategory" classname="com.project.repository.DetailRepositoryTest" time="0.214"/>
  <testcase name="deleteDetailByDate" classname="com.project.repository.DetailRepositoryTest" time="0.007"/>
  <testcase name="findDetailByCategory" classname="com.project.repository.DetailRepositoryTest" time="0.006"/>
  <testcase name="findDetailByDate" classname="com.project.repository.DetailRepositoryTest" time="0.006"/>
  <testcase name="count" classname="com.project.repository.DetailRepositoryTest" time="0.004"/>
  <testcase name="findDetailByDateAndCategory" classname="com.project.repository.DetailRepositoryTest" time="0.005"/>
</testsuite>